<?xml version="1.0" encoding="UTF-8"?><testsuite name="nosetests" tests="53" errors="0" failures="0" skip="0"><testcase classname="core.tests.config_tests.ConfigTest" name="test_load_features" time="0.176" /><testcase classname="core.tests.config_tests.ConfigTest" name="test_load_vectorizers" time="0.001" /><testcase classname="core.tests.config_tests.ConfigTest" name="test_process_anonymous_feature_type" time="0.001" /><testcase classname="core.tests.config_tests.ConfigTest" name="test_process_anonymous_feature_type_missing_params" time="0.001" /><testcase classname="core.tests.config_tests.ConfigTest" name="test_process_anonymous_feature_type_unknown_type" time="0.001" /><testcase classname="core.tests.config_tests.ConfigTest" name="test_process_classifier" time="0.001" /><testcase classname="core.tests.config_tests.ConfigTest" name="test_process_classifier_default_penalty" time="0.001" /><testcase classname="core.tests.config_tests.ConfigTest" name="test_process_classifier_invalid_type" time="0.001" /><testcase classname="core.tests.config_tests.ConfigTest" name="test_process_classifier_no_type" time="0.001" /><testcase classname="core.tests.config_tests.ConfigTest" name="test_process_feature_anonymous_feature_type" time="0.001" /><testcase classname="core.tests.config_tests.ConfigTest" name="test_process_feature_not_required" time="0.001" /><testcase classname="core.tests.config_tests.ConfigTest" name="test_process_feature_with_named_type" time="0.001" /><testcase classname="core.tests.config_tests.ConfigTest" name="test_process_feature_with_transformer" time="0.001" /><testcase classname="core.tests.config_tests.ConfigTest" name="test_process_feature_without_name" time="0.001" /><testcase classname="core.tests.config_tests.ConfigTest" name="test_process_named_feature_type" time="0.001" /><testcase classname="core.tests.config_tests.ConfigTest" name="test_process_named_feature_type_missing_params" time="0.001" /><testcase classname="core.tests.config_tests.ConfigTest" name="test_process_named_feature_type_no_name" time="0.001" /><testcase classname="core.tests.config_tests.ConfigTest" name="test_process_named_feature_type_unknown_type" time="0.001" /><testcase classname="core.tests.extractor_tests.ExtractionPlanTest" name="test_load_plan_with_no_datasource" time="0.000" /><testcase classname="core.tests.extractor_tests.ExtractionPlanTest" name="test_load_plan_with_no_schema_name" time="0.000" /><testcase classname="core.tests.extractor_tests.ExtractionPlanTest" name="test_load_valid_plan" time="0.000" /><testcase classname="core.tests.extractor_tests.ExtractorTest" name="test_validate_input_params" time="0.000" /><testcase classname="core.tests.featuretype_tests.FeatureTypeTest" name="test_get_composite_instance" time="0.000" /><testcase classname="core.tests.featuretype_tests.FeatureTypeTest" name="test_get_composite_instance_invalid_sub_feature" time="0.000" /><testcase classname="core.tests.featuretype_tests.FeatureTypeTest" name="test_get_composite_instance_no_chain" time="0.000" /><testcase classname="core.tests.featuretype_tests.FeatureTypeTest" name="test_get_instance_known_factory_empty_params" time="0.000" /><testcase classname="core.tests.featuretype_tests.FeatureTypeTest" name="test_get_instance_known_factory_invalid_params" time="0.000" /><testcase classname="core.tests.featuretype_tests.FeatureTypeTest" name="test_get_instance_known_factory_no_params" time="0.000" /><testcase classname="core.tests.featuretype_tests.FeatureTypeTest" name="test_get_instance_known_factory_with_params" time="0.000" /><testcase classname="core.tests.importhandler_tests.ExtractionPlanTest" name="test_load_plan_with_no_datasource" time="0.000" /><testcase classname="core.tests.importhandler_tests.ExtractionPlanTest" name="test_load_plan_with_no_schema_name" time="0.000" /><testcase classname="core.tests.importhandler_tests.ExtractionPlanTest" name="test_load_valid_plan" time="0.000" /><testcase classname="core.tests.importhandler_tests.ExtractorTest" name="test_validate_input_params" time="0.000" /><testcase classname="core.tests.processor_tests.ProcessorCase" name="test_extract_parameters" time="0.000" /><testcase classname="core.tests.processor_tests.ProcessorCase" name="test_process_expression_missing_params" time="0.000" /><testcase classname="core.tests.processor_tests.ProcessorCase" name="test_process_expression_valid_data" time="0.000" /><testcase classname="core.tests.processor_tests.ProcessorCase" name="test_process_expression_without_target_expression" time="0.000" /><testcase classname="core.tests.processor_tests.ProcessorCase" name="test_process_json" time="0.007" /><testcase classname="core.tests.processor_tests.ProcessorCase" name="test_process_string_many_targets" time="0.000" /><testcase classname="core.tests.processor_tests.ProcessorCase" name="test_process_string_no_input_value" time="0.000" /><testcase classname="core.tests.processor_tests.ProcessorCase" name="test_process_string_valid_data" time="0.000" /><testcase classname="core.tests.streamingutils_tests.ParserTest" name="testLoadMultipleJSONSingleFile" time="0.000" /><testcase classname="core.tests.trainer_tests.TrainerTestCase" name="test_store_and_load_trainer" time="0.015" /><testcase classname="core.tests.trainer_tests.TrainerTestCase" name="test_store_feature_weights" time="0.007" /><testcase classname="core.tests.trainer_tests.TrainerTestCase" name="test_train" time="0.006" /><testcase classname="core.tests.transformers_tests.TransformersTest" name="test_get_transformer_count" time="0.000" /><testcase classname="core.tests.transformers_tests.TransformersTest" name="test_get_transformer_dict" time="0.000" /><testcase classname="core.tests.transformers_tests.TransformersTest" name="test_get_transformer_no_type" time="0.000" /><testcase classname="core.tests.transformers_tests.TransformersTest" name="test_get_transformer_scaler" time="0.000" /><testcase classname="core.tests.transformers_tests.TransformersTest" name="test_get_transformer_tfidf" time="0.000" /><testcase classname="core.tests.transformers_tests.TransformersTest" name="test_get_transformer_unknown" time="0.000" /><testcase classname="core.tests.utils_test.UtilsTestCase" name="test_copy_expected" time="0.000" /><testcase classname="core.tests.utils_test.UtilsTestCase" name="test_is_empty" time="0.000" /></testsuite>