<?xml version="1.0" encoding="UTF-8"?><testsuite name="nosetests" tests="50" errors="1" failures="0" skip="0"><testcase classname="tests.config_tests.ConfigTest" name="test_load_features" time="0.002" /><testcase classname="tests.config_tests.ConfigTest" name="test_load_vectorizers" time="0.001" /><testcase classname="tests.config_tests.ConfigTest" name="test_process_anonymous_feature_type" time="0.001" /><testcase classname="tests.config_tests.ConfigTest" name="test_process_anonymous_feature_type_missing_params" time="0.001" /><testcase classname="tests.config_tests.ConfigTest" name="test_process_anonymous_feature_type_unknown_type" time="0.001" /><testcase classname="tests.config_tests.ConfigTest" name="test_process_classifier" time="0.001" /><testcase classname="tests.config_tests.ConfigTest" name="test_process_classifier_default_penalty" time="0.001" /><testcase classname="tests.config_tests.ConfigTest" name="test_process_classifier_invalid_type" time="0.001" /><testcase classname="tests.config_tests.ConfigTest" name="test_process_classifier_no_type" time="0.001" /><testcase classname="tests.config_tests.ConfigTest" name="test_process_feature_anonymous_feature_type" time="0.002" /><testcase classname="tests.config_tests.ConfigTest" name="test_process_feature_not_required" time="0.001" /><testcase classname="tests.config_tests.ConfigTest" name="test_process_feature_with_named_type" time="0.001" /><testcase classname="tests.config_tests.ConfigTest" name="test_process_feature_with_transformer" time="0.001" /><testcase classname="tests.config_tests.ConfigTest" name="test_process_feature_without_name" time="0.002" /><testcase classname="tests.config_tests.ConfigTest" name="test_process_named_feature_type" time="0.001" /><testcase classname="tests.config_tests.ConfigTest" name="test_process_named_feature_type_missing_params" time="0.001" /><testcase classname="tests.config_tests.ConfigTest" name="test_process_named_feature_type_no_name" time="0.001" /><testcase classname="tests.config_tests.ConfigTest" name="test_process_named_feature_type_unknown_type" time="0.001" /><testcase classname="nose.failure.Failure" name="runTest" time="0.000"><error type="exceptions.ImportError" message="No module named extractor.extractor"><![CDATA[Traceback (most recent call last):
  File "/usr/lib/python2.7/unittest/case.py", line 332, in run
    testMethod()
  File "/home/atmel/workspace/odeskdev-shadchan/odesk-cloudml/ve/local/lib/python2.7/site-packages/nose-1.2.1-py2.7.egg/nose/loader.py", line 390, in loadTestsFromName
    addr.filename, addr.module)
  File "/home/atmel/workspace/odeskdev-shadchan/odesk-cloudml/ve/local/lib/python2.7/site-packages/nose-1.2.1-py2.7.egg/nose/importer.py", line 39, in importFromPath
    return self.importFromDir(dir_path, fqname)
  File "/home/atmel/workspace/odeskdev-shadchan/odesk-cloudml/ve/local/lib/python2.7/site-packages/nose-1.2.1-py2.7.egg/nose/importer.py", line 86, in importFromDir
    mod = load_module(part_fqname, fh, filename, desc)
  File "/home/atmel/workspace/odeskdev-shadchan/odesk-cloudml/tests/extractor_tests.py", line 15, in <module>
    from extractor.extractor import ExtractionPlan,\
ImportError: No module named extractor.extractor
]]></error></testcase><testcase classname="tests.featuretype_tests.FeatureTypeTest" name="test_get_composite_instance" time="0.000" /><testcase classname="tests.featuretype_tests.FeatureTypeTest" name="test_get_composite_instance_invalid_sub_feature" time="0.000" /><testcase classname="tests.featuretype_tests.FeatureTypeTest" name="test_get_composite_instance_no_chain" time="0.000" /><testcase classname="tests.featuretype_tests.FeatureTypeTest" name="test_get_instance_known_factory_empty_params" time="0.000" /><testcase classname="tests.featuretype_tests.FeatureTypeTest" name="test_get_instance_known_factory_invalid_params" time="0.000" /><testcase classname="tests.featuretype_tests.FeatureTypeTest" name="test_get_instance_known_factory_no_params" time="0.000" /><testcase classname="tests.featuretype_tests.FeatureTypeTest" name="test_get_instance_known_factory_with_params" time="0.000" /><testcase classname="tests.importhandler_tests.ExtractionPlanTest" name="test_load_plan_with_no_datasource" time="0.000" /><testcase classname="tests.importhandler_tests.ExtractionPlanTest" name="test_load_plan_with_no_schema_name" time="0.000" /><testcase classname="tests.importhandler_tests.ExtractionPlanTest" name="test_load_valid_plan" time="0.000" /><testcase classname="tests.importhandler_tests.ExtractorTest" name="test_validate_input_params" time="0.000" /><testcase classname="tests.processor_tests.ProcessorCase" name="test_extract_parameters" time="0.000" /><testcase classname="tests.processor_tests.ProcessorCase" name="test_process_expression_missing_params" time="0.000" /><testcase classname="tests.processor_tests.ProcessorCase" name="test_process_expression_valid_data" time="0.000" /><testcase classname="tests.processor_tests.ProcessorCase" name="test_process_expression_without_target_expression" time="0.000" /><testcase classname="tests.processor_tests.ProcessorCase" name="test_process_json" time="0.003" /><testcase classname="tests.processor_tests.ProcessorCase" name="test_process_string_many_targets" time="0.000" /><testcase classname="tests.processor_tests.ProcessorCase" name="test_process_string_no_input_value" time="0.000" /><testcase classname="tests.processor_tests.ProcessorCase" name="test_process_string_valid_data" time="0.000" /><testcase classname="tests.streamingutils_tests.ParserTest" name="testLoadMultipleJSONSingleFile" time="0.000" /><testcase classname="tests.trainer_tests.TrainerTestCase" name="test_store_and_load_trainer" time="0.016" /><testcase classname="tests.trainer_tests.TrainerTestCase" name="test_store_feature_weights" time="0.007" /><testcase classname="tests.trainer_tests.TrainerTestCase" name="test_train" time="0.006" /><testcase classname="tests.transformers_tests.TransformersTest" name="test_get_transformer_count" time="0.000" /><testcase classname="tests.transformers_tests.TransformersTest" name="test_get_transformer_dict" time="0.000" /><testcase classname="tests.transformers_tests.TransformersTest" name="test_get_transformer_no_type" time="0.000" /><testcase classname="tests.transformers_tests.TransformersTest" name="test_get_transformer_scaler" time="0.001" /><testcase classname="tests.transformers_tests.TransformersTest" name="test_get_transformer_tfidf" time="0.000" /><testcase classname="tests.transformers_tests.TransformersTest" name="test_get_transformer_unknown" time="0.000" /><testcase classname="tests.utils_test.UtilsTestCase" name="test_copy_expected" time="0.000" /><testcase classname="tests.utils_test.UtilsTestCase" name="test_is_empty" time="0.000" /></testsuite>